<?xml version="1.0" encoding="UTF-8"?>
<testng-results ignored="0" total="1" passed="1" failed="0" skipped="0">
  <reporter-output>
  </reporter-output>
  <suite started-at="2022-09-04T10:25:56 IST" name="Default suite" finished-at="2022-09-04T10:26:03 IST" duration-ms="7158">
    <groups>
    </groups>
    <test started-at="2022-09-04T10:25:56 IST" name="Default test" finished-at="2022-09-04T10:26:03 IST" duration-ms="7158">
      <class name="com.SwagLab.Tests.CheckoutPageTest">
        <test-method is-config="true" signature="setup()[pri:0, instance:com.SwagLab.Tests.CheckoutPageTest@316bcf94]" started-at="2022-09-04T10:25:56 IST" name="setup" finished-at="2022-09-04T10:26:01 IST" duration-ms="5373" status="PASS">
          <reporter-output>
          </reporter-output>
        </test-method> <!-- setup -->
        <test-method is-config="true" signature="checkoutsetup()[pri:0, instance:com.SwagLab.Tests.CheckoutPageTest@316bcf94]" started-at="2022-09-04T10:26:01 IST" name="checkoutsetup" finished-at="2022-09-04T10:26:03 IST" duration-ms="1672" status="PASS">
          <reporter-output>
          </reporter-output>
        </test-method> <!-- checkoutsetup -->
        <test-method signature="testcase()[pri:0, instance:com.SwagLab.Tests.CheckoutPageTest@316bcf94]" started-at="2022-09-04T10:26:03 IST" name="testcase" finished-at="2022-09-04T10:26:03 IST" duration-ms="12" status="PASS">
          <reporter-output>
          </reporter-output>
        </test-method> <!-- testcase -->
      </class> <!-- com.SwagLab.Tests.CheckoutPageTest -->
    </test> <!-- Default test -->
  </suite> <!-- Default suite -->
</testng-results>
